Summary of SPARK analysis
=========================

---------------------------------------------------------------------------------------------
SPARK Analysis results        Total        Flow   CodePeer     Provers   Justified   Unproved
---------------------------------------------------------------------------------------------
Data Dependencies                 4           4          .           .           .          .
Flow Dependencies                 4           4          .           .           .          .
Initialization                    6           6          .           .           .          .
Non-Aliasing                      .           .          .           .           .          .
Run-time Checks                   7           .          .    3 (CVC4)           .          4
Assertions                        2           .          .    2 (CVC4)           .          .
Functional Contracts              2           .          .    2 (CVC4)           .          .
LSP Verification                  .           .          .           .           .          .
Termination                       .           .          .           .           .          .
Concurrency                       .           .          .           .           .          .
---------------------------------------------------------------------------------------------
Total                            25    14 (56%)          .     7 (28%)           .    4 (16%)


max steps used for successful proof: 1

Analyzed 4 units
in unit airbag_system, 8 subprograms and packages out of 8 analyzed
  Airbag_System at airbag_system.ads:5 flow analyzed (0 errors, 0 checks and 0 warnings) and proved (0 checks)
  Airbag_System.Init at airbag_system.ads:54 flow analyzed (0 errors, 0 checks and 0 warnings) and proved (1 checks)
  Airbag_System.Is_Safe at airbag_system.ads:44 flow analyzed (0 errors, 0 checks and 0 warnings) and proved (0 checks)
  Airbag_System.Monitor_Airbag_System at airbag_system.ads:49 flow analyzed (0 errors, 0 checks and 0 warnings) and proved (1 checks)
  Airbag_System.Print_Status at airbag_system.ads:40 flow analyzed (0 errors, 0 checks and 0 warnings) and proved (0 checks)
  Airbag_System.Read_Acceleration at airbag_system.ads:31 flow analyzed (0 errors, 0 checks and 0 warnings) and not proved, 3 checks out of 4 proved
  Airbag_System.Status_Airbag_System_To_String at airbag_system.ads:37 flow analyzed (0 errors, 0 checks and 0 warnings) and proved (0 checks)
  Airbag_System.getGForce at airbag_system.ads:59 flow analyzed (0 errors, 0 checks and 0 warnings) and not proved, 0 checks out of 3 proved
in unit as_io_wrapper, 0 subprograms and packages out of 13 analyzed
  AS_Io_Wrapper at as_io_wrapper.ads:22 skipped
  AS_Io_Wrapper.AS_Clear_Buffer at as_io_wrapper.ads:59 skipped
  AS_Io_Wrapper.AS_Get at as_io_wrapper.ads:54 skipped
  AS_Io_Wrapper.AS_Get at as_io_wrapper.ads:109 skipped
  AS_Io_Wrapper.AS_Get_Line at as_io_wrapper.ads:79 skipped
  AS_Io_Wrapper.AS_Init_Standard_Input at as_io_wrapper.ads:26 skipped
  AS_Io_Wrapper.AS_Init_Standard_Output at as_io_wrapper.ads:33 skipped
  AS_Io_Wrapper.AS_Put at as_io_wrapper.ads:46 skipped
  AS_Io_Wrapper.AS_Put at as_io_wrapper.ads:62 skipped
  AS_Io_Wrapper.AS_Put at as_io_wrapper.ads:117 skipped
  AS_Io_Wrapper.AS_Put_Line at as_io_wrapper.ads:86 skipped
  AS_Io_Wrapper.AS_Put_Line at as_io_wrapper.ads:91 skipped
  AS_Io_Wrapper.AS_Put_Line at as_io_wrapper.ads:122 skipped
in unit main, 1 subprograms and packages out of 1 analyzed
  Main at main.ads:3 flow analyzed (0 errors, 0 checks and 0 warnings) and proved (2 checks)
in unit spark, 1 subprograms and packages out of 2 analyzed
  SPARK at spark.ads:29 flow analyzed (0 errors, 0 checks and 0 warnings) and proved (0 checks)
  SPARK.Text_IO_File_Type at spark.ads:53 skipped
