Summary of SPARK analysis
=========================

--------------------------------------------------------------------------------------------
SPARK Analysis results        Total         Flow   CodePeer   Provers   Justified   Unproved
--------------------------------------------------------------------------------------------
Data Dependencies                 4            4          .         .           .          .
Flow Dependencies                 4            4          .         .           .          .
Initialization                    4            4          .         .           .          .
Non-Aliasing                      .            .          .         .           .          .
Run-time Checks                   .            .          .         .           .          .
Assertions                        .            .          .         .           .          .
Functional Contracts              .            .          .         .           .          .
LSP Verification                  .            .          .         .           .          .
Termination                       .            .          .         .           .          .
Concurrency                       .            .          .         .           .          .
--------------------------------------------------------------------------------------------
Total                            12    12 (100%)          .         .           .          .


max steps used for successful proof: 0

Analyzed 4 units
in unit airbag_system, 7 subprograms and packages out of 7 analyzed
  Airbag_System at airbag_system.ads:5 flow analyzed (0 errors, 0 checks and 0 warnings)
  Airbag_System.Init at airbag_system.ads:46 flow analyzed (0 errors, 0 checks and 0 warnings)
  Airbag_System.Is_Safe at airbag_system.ads:36 flow analyzed (0 errors, 0 checks and 0 warnings)
  Airbag_System.Monitor_Airbag_System at airbag_system.ads:41 flow analyzed (0 errors, 0 checks and 0 warnings)
  Airbag_System.Print_Status at airbag_system.ads:32 flow analyzed (0 errors, 0 checks and 0 warnings)
  Airbag_System.Read_Acceleration at airbag_system.ads:23 flow analyzed (0 errors, 0 checks and 0 warnings)
  Airbag_System.Status_Airbag_System_To_String at airbag_system.ads:29 flow analyzed (0 errors, 0 checks and 0 warnings)
in unit as_io_wrapper, 0 subprograms and packages out of 13 analyzed
  AS_Io_Wrapper at as_io_wrapper.ads:22 skipped
  AS_Io_Wrapper.AS_Clear_Buffer at as_io_wrapper.ads:59 skipped
  AS_Io_Wrapper.AS_Get at as_io_wrapper.ads:54 skipped
  AS_Io_Wrapper.AS_Get at as_io_wrapper.ads:109 skipped
  AS_Io_Wrapper.AS_Get_Line at as_io_wrapper.ads:79 skipped
  AS_Io_Wrapper.AS_Init_Standard_Input at as_io_wrapper.ads:26 skipped
  AS_Io_Wrapper.AS_Init_Standard_Output at as_io_wrapper.ads:33 skipped
  AS_Io_Wrapper.AS_Put at as_io_wrapper.ads:46 skipped
  AS_Io_Wrapper.AS_Put at as_io_wrapper.ads:62 skipped
  AS_Io_Wrapper.AS_Put at as_io_wrapper.ads:117 skipped
  AS_Io_Wrapper.AS_Put_Line at as_io_wrapper.ads:86 skipped
  AS_Io_Wrapper.AS_Put_Line at as_io_wrapper.ads:91 skipped
  AS_Io_Wrapper.AS_Put_Line at as_io_wrapper.ads:122 skipped
in unit main, 1 subprograms and packages out of 1 analyzed
  Main at main.ads:3 flow analyzed (0 errors, 0 checks and 0 warnings)
in unit spark, 1 subprograms and packages out of 2 analyzed
  SPARK at spark.ads:29 flow analyzed (0 errors, 0 checks and 0 warnings)
  SPARK.Text_IO_File_Type at spark.ads:53 skipped
